[ 2017-03-21T00:35:02+08:00 ] ::1 /chuangyi/index.php/down.html
INFO: [ app_init ] --START--
INFO: Run Behavior\BuildLiteBehavior [ RunTime:0.000000s ]
INFO: [ app_init ] --END-- [ RunTime:0.001000s ]
ERR: 无法加载模块:Down

[ 2017-03-21T00:37:25+08:00 ] ::1 /chuangyi/index.php/down.html
INFO: [ app_init ] --START--
INFO: Run Behavior\BuildLiteBehavior [ RunTime:0.000000s ]
INFO: [ app_init ] --END-- [ RunTime:0.001000s ]
ERR: 无法加载模块:Down

[ 2017-03-21T01:56:39+08:00 ] ::1 /chuangyi/index.php/Application/Public/uploads/2017-03-20/58cfedc3b91ac.jpg
INFO: [ app_init ] --START--
INFO: Run Behavior\BuildLiteBehavior [ RunTime:0.000000s ]
INFO: [ app_init ] --END-- [ RunTime:0.000000s ]
ERR: 无法加载模块:Application

[ 2017-03-21T01:56:39+08:00 ] ::1 /chuangyi/index.php/Application/Public/uploads/2017-03-20/58cfed4555aee.jpg
INFO: [ app_init ] --START--
INFO: Run Behavior\BuildLiteBehavior [ RunTime:0.000000s ]
INFO: [ app_init ] --END-- [ RunTime:0.001000s ]
ERR: 无法加载模块:Application

[ 2017-03-21T01:56:47+08:00 ] ::1 /chuangyi/index.php/Application/Public/uploads/2017-03-20/58cfedc3b91ac.jpg
INFO: [ app_init ] --START--
INFO: Run Behavior\BuildLiteBehavior [ RunTime:0.000000s ]
INFO: [ app_init ] --END-- [ RunTime:0.001000s ]
ERR: 无法加载模块:Application

[ 2017-03-21T01:56:47+08:00 ] ::1 /chuangyi/index.php/Application/Public/uploads/2017-03-20/58cfed4555aee.jpg
INFO: [ app_init ] --START--
INFO: Run Behavior\BuildLiteBehavior [ RunTime:0.000000s ]
INFO: [ app_init ] --END-- [ RunTime:0.001000s ]
ERR: 无法加载模块:Application

[ 2017-03-21T01:56:47+08:00 ] ::1 /chuangyi/index.php/Application/Public/uploads/2017-03-20/58cff2849de86.jpg
INFO: [ app_init ] --START--
INFO: Run Behavior\BuildLiteBehavior [ RunTime:0.000000s ]
INFO: [ app_init ] --END-- [ RunTime:0.001000s ]
ERR: 无法加载模块:Application

[ 2017-03-21T01:56:48+08:00 ] ::1 /chuangyi/index.php/Application/Public/uploads/2017-03-20/58cfed4555aee.jpg
INFO: [ app_init ] --START--
INFO: Run Behavior\BuildLiteBehavior [ RunTime:0.000000s ]
INFO: [ app_init ] --END-- [ RunTime:0.001000s ]
ERR: 无法加载模块:Application

[ 2017-03-21T01:56:48+08:00 ] ::1 /chuangyi/index.php/Application/Public/uploads/2017-03-20/58cfedc3b91ac.jpg
INFO: [ app_init ] --START--
INFO: Run Behavior\BuildLiteBehavior [ RunTime:0.000000s ]
INFO: [ app_init ] --END-- [ RunTime:0.004000s ]
ERR: 无法加载模块:Application

[ 2017-03-21T01:56:49+08:00 ] ::1 /chuangyi/index.php/Application/Public/uploads/2017-03-20/58cff2849de86.jpg
INFO: [ app_init ] --START--
INFO: Run Behavior\BuildLiteBehavior [ RunTime:0.000000s ]
INFO: [ app_init ] --END-- [ RunTime:0.001000s ]
ERR: 无法加载模块:Application

[ 2017-03-21T01:57:14+08:00 ] ::1 /chuangyi/index.php/Application/Public/uploads/2017-03-20/58cfed4555aee.jpg
INFO: [ app_init ] --START--
INFO: Run Behavior\BuildLiteBehavior [ RunTime:0.000000s ]
INFO: [ app_init ] --END-- [ RunTime:0.001000s ]
ERR: 无法加载模块:Application

[ 2017-03-21T01:57:14+08:00 ] ::1 /chuangyi/index.php/Application/Public/uploads/2017-03-20/58cfedc3b91ac.jpg
INFO: [ app_init ] --START--
INFO: Run Behavior\BuildLiteBehavior [ RunTime:0.000000s ]
INFO: [ app_init ] --END-- [ RunTime:0.001001s ]
ERR: 无法加载模块:Application

[ 2017-03-21T01:57:14+08:00 ] ::1 /chuangyi/index.php/Application/Public/uploads/2017-03-20/58cff2849de86.jpg
INFO: [ app_init ] --START--
INFO: Run Behavior\BuildLiteBehavior [ RunTime:0.000000s ]
INFO: [ app_init ] --END-- [ RunTime:0.001000s ]
ERR: 无法加载模块:Application

[ 2017-03-21T01:57:19+08:00 ] ::1 /chuangyi/index.php/Application/Public/uploads/2017-03-20/58cfed4555aee.jpg
INFO: [ app_init ] --START--
INFO: Run Behavior\BuildLiteBehavior [ RunTime:0.001000s ]
INFO: [ app_init ] --END-- [ RunTime:0.001000s ]
ERR: 无法加载模块:Application

[ 2017-03-21T01:57:19+08:00 ] ::1 /chuangyi/index.php/Application/Public/uploads/2017-03-20/58cfedc3b91ac.jpg
INFO: [ app_init ] --START--
INFO: Run Behavior\BuildLiteBehavior [ RunTime:0.000000s ]
INFO: [ app_init ] --END-- [ RunTime:0.000000s ]
ERR: 无法加载模块:Application

[ 2017-03-21T01:57:19+08:00 ] ::1 /chuangyi/index.php/Application/Public/uploads/2017-03-20/58cff2849de86.jpg
INFO: [ app_init ] --START--
INFO: Run Behavior\BuildLiteBehavior [ RunTime:0.000000s ]
INFO: [ app_init ] --END-- [ RunTime:0.001000s ]
ERR: 无法加载模块:Application

[ 2017-03-21T01:57:39+08:00 ] ::1 /chuangyi/index.php/Application/Public/uploads/2017-03-20/58cfedc3b91ac.jpg
INFO: [ app_init ] --START--
INFO: Run Behavior\BuildLiteBehavior [ RunTime:0.000000s ]
INFO: [ app_init ] --END-- [ RunTime:0.003000s ]
ERR: 无法加载模块:Application

[ 2017-03-21T01:57:39+08:00 ] ::1 /chuangyi/index.php/Application/Public/uploads/2017-03-20/58cfed4555aee.jpg
INFO: [ app_init ] --START--
INFO: Run Behavior\BuildLiteBehavior [ RunTime:0.000000s ]
INFO: [ app_init ] --END-- [ RunTime:0.001000s ]
ERR: 无法加载模块:Application

[ 2017-03-21T01:57:39+08:00 ] ::1 /chuangyi/index.php/Application/Public/uploads/2017-03-20/58cff2849de86.jpg
INFO: [ app_init ] --START--
INFO: Run Behavior\BuildLiteBehavior [ RunTime:0.000000s ]
INFO: [ app_init ] --END-- [ RunTime:0.002000s ]
ERR: 无法加载模块:Application

[ 2017-03-21T02:47:45+08:00 ] 127.0.0.1 /chuangyi/index.php/down.html
INFO: [ app_init ] --START--
INFO: Run Behavior\BuildLiteBehavior [ RunTime:0.000000s ]
INFO: [ app_init ] --END-- [ RunTime:0.002000s ]
ERR: 无法加载模块:Down

[ 2017-03-21T02:51:12+08:00 ] 127.0.0.1 /chuangyi/index.php/down.html
INFO: [ app_init ] --START--
INFO: Run Behavior\BuildLiteBehavior [ RunTime:0.000000s ]
INFO: [ app_init ] --END-- [ RunTime:0.001000s ]
ERR: 无法加载模块:Down

[ 2017-03-21T02:58:14+08:00 ] 127.0.0.1 /chuangyi/index.php/down.html
INFO: [ app_init ] --START--
INFO: Run Behavior\BuildLiteBehavior [ RunTime:0.000000s ]
INFO: [ app_init ] --END-- [ RunTime:0.001000s ]
ERR: 无法加载模块:Down

[ 2017-03-21T02:59:07+08:00 ] 127.0.0.1 /chuangyi/index.php/down.html
INFO: [ app_init ] --START--
INFO: Run Behavior\BuildLiteBehavior [ RunTime:0.000000s ]
INFO: [ app_init ] --END-- [ RunTime:0.001000s ]
ERR: 无法加载模块:Down

[ 2017-03-21T03:09:22+08:00 ] 127.0.0.1 /chuangyi/index.php/down.html
INFO: [ app_init ] --START--
INFO: Run Behavior\BuildLiteBehavior [ RunTime:0.000000s ]
INFO: [ app_init ] --END-- [ RunTime:0.001000s ]
ERR: 无法加载模块:Down

[ 2017-03-21T03:41:11+08:00 ] 127.0.0.1 /chuangyi/index.php/down.html
INFO: [ app_init ] --START--
INFO: Run Behavior\BuildLiteBehavior [ RunTime:0.000000s ]
INFO: [ app_init ] --END-- [ RunTime:0.001000s ]
ERR: 无法加载模块:Down

[ 2017-03-21T03:43:16+08:00 ] 127.0.0.1 /chuangyi/index.php/down.html
INFO: [ app_init ] --START--
INFO: Run Behavior\BuildLiteBehavior [ RunTime:0.000000s ]
INFO: [ app_init ] --END-- [ RunTime:0.001000s ]
ERR: 无法加载模块:Down

[ 2017-03-21T03:44:39+08:00 ] 127.0.0.1 /chuangyi/index.php/down.html
INFO: [ app_init ] --START--
INFO: Run Behavior\BuildLiteBehavior [ RunTime:0.000000s ]
INFO: [ app_init ] --END-- [ RunTime:0.001000s ]
ERR: 无法加载模块:Down

[ 2017-03-21T03:45:10+08:00 ] 127.0.0.1 /chuangyi/index.php/down.html
INFO: [ app_init ] --START--
INFO: Run Behavior\BuildLiteBehavior [ RunTime:0.000000s ]
INFO: [ app_init ] --END-- [ RunTime:0.001000s ]
ERR: 无法加载模块:Down

[ 2017-03-21T03:46:53+08:00 ] 127.0.0.1 /chuangyi/index.php/down.html
INFO: [ app_init ] --START--
INFO: Run Behavior\BuildLiteBehavior [ RunTime:0.000000s ]
INFO: [ app_init ] --END-- [ RunTime:0.001000s ]
ERR: 无法加载模块:Down

[ 2017-03-21T04:07:04+08:00 ] 127.0.0.1 /chuangyi/index.php/admin%E3%80%81login
INFO: [ app_init ] --START--
INFO: Run Behavior\BuildLiteBehavior [ RunTime:0.001000s ]
INFO: [ app_init ] --END-- [ RunTime:0.034002s ]
ERR: 无法加载模块:Admin、login

[ 2017-03-21T04:37:21+08:00 ] 127.0.0.1 /chuangyi/index.php/login/login
INFO: [ app_init ] --START--
INFO: Run Behavior\BuildLiteBehavior [ RunTime:0.000000s ]
INFO: [ app_init ] --END-- [ RunTime:0.002000s ]
ERR: 无法加载模块:Login

[ 2017-03-21T04:37:57+08:00 ] 127.0.0.1 /chuangyi/index.php/login/login
INFO: [ app_init ] --START--
INFO: Run Behavior\BuildLiteBehavior [ RunTime:0.000000s ]
INFO: [ app_init ] --END-- [ RunTime:0.001000s ]
ERR: 无法加载模块:Login

[ 2017-03-21T04:38:37+08:00 ] 127.0.0.1 /chuangyi/index.php/login/login
INFO: [ app_init ] --START--
INFO: Run Behavior\BuildLiteBehavior [ RunTime:0.000000s ]
INFO: [ app_init ] --END-- [ RunTime:0.001000s ]
ERR: 无法加载模块:Login

[ 2017-03-21T07:06:06+08:00 ] ::1 /chuangyi/index.php/down.html
INFO: [ app_init ] --START--
INFO: Run Behavior\BuildLiteBehavior [ RunTime:0.000000s ]
INFO: [ app_init ] --END-- [ RunTime:0.003000s ]
ERR: 无法加载模块:Down

[ 2017-03-21T07:06:28+08:00 ] ::1 /chuangyi/index.php/Application/Public/uploads/2017-03-20/58cfedc3b91ac.jpg
INFO: [ app_init ] --START--
INFO: Run Behavior\BuildLiteBehavior [ RunTime:0.000000s ]
INFO: [ app_init ] --END-- [ RunTime:0.001000s ]
ERR: 无法加载模块:Application

[ 2017-03-21T07:06:28+08:00 ] ::1 /chuangyi/index.php/Application/Public/uploads/2017-03-20/58cfed4555aee.jpg
INFO: [ app_init ] --START--
INFO: Run Behavior\BuildLiteBehavior [ RunTime:0.000000s ]
INFO: [ app_init ] --END-- [ RunTime:0.001000s ]
ERR: 无法加载模块:Application

[ 2017-03-21T07:06:28+08:00 ] ::1 /chuangyi/index.php/Application/Public/uploads/2017-03-20/58cff2849de86.jpg
INFO: [ app_init ] --START--
INFO: Run Behavior\BuildLiteBehavior [ RunTime:0.000000s ]
INFO: [ app_init ] --END-- [ RunTime:0.001000s ]
ERR: 无法加载模块:Application

[ 2017-03-21T07:07:04+08:00 ] ::1 /chuangyi/index.php/Application/Public/uploads/2017-03-20/58cfedc3b91ac.jpg
INFO: [ app_init ] --START--
INFO: Run Behavior\BuildLiteBehavior [ RunTime:0.000000s ]
INFO: [ app_init ] --END-- [ RunTime:0.001000s ]
ERR: 无法加载模块:Application

[ 2017-03-21T07:07:04+08:00 ] ::1 /chuangyi/index.php/Application/Public/uploads/2017-03-20/58cff2849de86.jpg
INFO: [ app_init ] --START--
INFO: Run Behavior\BuildLiteBehavior [ RunTime:0.000000s ]
INFO: [ app_init ] --END-- [ RunTime:0.001000s ]
ERR: 无法加载模块:Application

[ 2017-03-21T07:07:04+08:00 ] ::1 /chuangyi/index.php/Application/Public/uploads/2017-03-20/58cfed4555aee.jpg
INFO: [ app_init ] --START--
INFO: Run Behavior\BuildLiteBehavior [ RunTime:0.000000s ]
INFO: [ app_init ] --END-- [ RunTime:0.002000s ]
ERR: 无法加载模块:Application

[ 2017-03-21T07:12:30+08:00 ] 127.0.0.1 /chuangyi/index.php/down.html
INFO: [ app_init ] --START--
INFO: Run Behavior\BuildLiteBehavior [ RunTime:0.000000s ]
INFO: [ app_init ] --END-- [ RunTime:0.000000s ]
ERR: 无法加载模块:Down

